{"/Users/KarlDrendel/Desktop/Galactic-Age-Calculator/src/age.js": {"path":"/Users/KarlDrendel/Desktop/Galactic-Age-Calculator/src/age.js","statementMap":{"0":{"start":{"line":3,"column":4},"end":{"line":3,"column":23}},"1":{"start":{"line":4,"column":4},"end":{"line":4,"column":33}},"2":{"start":{"line":7,"column":17},"end":{"line":7,"column":33}},"3":{"start":{"line":8,"column":2},"end":{"line":8,"column":18}},"4":{"start":{"line":11,"column":19},"end":{"line":11,"column":36}},"5":{"start":{"line":12,"column":2},"end":{"line":12,"column":20}},"6":{"start":{"line":15,"column":17},"end":{"line":15,"column":35}},"7":{"start":{"line":16,"column":2},"end":{"line":16,"column":18}},"8":{"start":{"line":19,"column":16},"end":{"line":19,"column":34}},"9":{"start":{"line":20,"column":2},"end":{"line":20,"column":17}},"10":{"start":{"line":23,"column":19},"end":{"line":23,"column":38}},"11":{"start":{"line":24,"column":2},"end":{"line":24,"column":20}},"12":{"start":{"line":27,"column":2},"end":{"line":27,"column":25}},"13":{"start":{"line":30,"column":19},"end":{"line":30,"column":49}},"14":{"start":{"line":31,"column":23},"end":{"line":31,"column":51}},"15":{"start":{"line":32,"column":2},"end":{"line":32,"column":24}},"16":{"start":{"line":35,"column":20},"end":{"line":35,"column":50}},"17":{"start":{"line":36,"column":24},"end":{"line":36,"column":53}},"18":{"start":{"line":37,"column":2},"end":{"line":37,"column":25}},"19":{"start":{"line":40,"column":19},"end":{"line":40,"column":50}},"20":{"start":{"line":41,"column":23},"end":{"line":41,"column":51}},"21":{"start":{"line":42,"column":2},"end":{"line":42,"column":24}},"22":{"start":{"line":45,"column":22},"end":{"line":45,"column":54}},"23":{"start":{"line":46,"column":26},"end":{"line":46,"column":57}},"24":{"start":{"line":47,"column":2},"end":{"line":47,"column":27}}},"fnMap":{"0":{"name":"(anonymous_0)","decl":{"start":{"line":2,"column":2},"end":{"line":2,"column":3}},"loc":{"start":{"line":2,"column":32},"end":{"line":5,"column":3}},"line":2},"1":{"name":"(anonymous_1)","decl":{"start":{"line":6,"column":0},"end":{"line":6,"column":1}},"loc":{"start":{"line":6,"column":14},"end":{"line":9,"column":1}},"line":6},"2":{"name":"(anonymous_2)","decl":{"start":{"line":10,"column":0},"end":{"line":10,"column":1}},"loc":{"start":{"line":10,"column":16},"end":{"line":13,"column":1}},"line":10},"3":{"name":"(anonymous_3)","decl":{"start":{"line":14,"column":0},"end":{"line":14,"column":1}},"loc":{"start":{"line":14,"column":14},"end":{"line":17,"column":1}},"line":14},"4":{"name":"(anonymous_4)","decl":{"start":{"line":18,"column":0},"end":{"line":18,"column":1}},"loc":{"start":{"line":18,"column":13},"end":{"line":21,"column":1}},"line":18},"5":{"name":"(anonymous_5)","decl":{"start":{"line":22,"column":0},"end":{"line":22,"column":1}},"loc":{"start":{"line":22,"column":16},"end":{"line":25,"column":1}},"line":22},"6":{"name":"(anonymous_6)","decl":{"start":{"line":26,"column":0},"end":{"line":26,"column":1}},"loc":{"start":{"line":26,"column":17},"end":{"line":28,"column":1}},"line":26},"7":{"name":"(anonymous_7)","decl":{"start":{"line":29,"column":0},"end":{"line":29,"column":1}},"loc":{"start":{"line":29,"column":19},"end":{"line":33,"column":1}},"line":29},"8":{"name":"(anonymous_8)","decl":{"start":{"line":34,"column":0},"end":{"line":34,"column":1}},"loc":{"start":{"line":34,"column":17},"end":{"line":38,"column":1}},"line":34},"9":{"name":"(anonymous_9)","decl":{"start":{"line":39,"column":0},"end":{"line":39,"column":1}},"loc":{"start":{"line":39,"column":16},"end":{"line":43,"column":1}},"line":39},"10":{"name":"(anonymous_10)","decl":{"start":{"line":44,"column":0},"end":{"line":44,"column":1}},"loc":{"start":{"line":44,"column":19},"end":{"line":48,"column":1}},"line":44}},"branchMap":{},"s":{"0":10,"1":10,"2":1,"3":1,"4":1,"5":1,"6":1,"7":1,"8":1,"9":1,"10":1,"11":1,"12":1,"13":1,"14":1,"15":1,"16":1,"17":1,"18":1,"19":1,"20":1,"21":1,"22":1,"23":1,"24":1},"f":{"0":10,"1":1,"2":1,"3":1,"4":1,"5":1,"6":1,"7":1,"8":1,"9":1,"10":1},"b":{},"_coverageSchema":"43e27e138ebf9cfc5966b082cf9a028302ed4184","hash":"9500c12cee43bc67c9a48d2d6b431c61ba0532b8"}
}
